[LOG] System::create                           : Header version = 2.02.11. Current version = 2.02.11.
[LOG] Manager::init                            : maxchannels = 256 studioflags = 00000006 flags 00000000 extradriverdata 0000000000000000.
[LOG] SystemI::init                            : Initialize version=20211 (130436), maxchannels=256, flags=0x00020000
[LOG] SystemI::setOutputInternal               : Setting output to 'FMOD WASAPI Output'
[LOG] OutputWASAPI::init                       : Mix Format (WAVEFORMATEX): wFormatTag=0xFFFE, nChannels=2, nSamplesPerSec=48000, nAvgBytesPerSec=384000, nBlockAlign=8, wBitsPerSample=32, cbSize=22.
[LOG] OutputWASAPI::init                       : Mix Format (WAVEFORMATEXTENSIBLE): wValidBitsPerSample=32, dwChannelMask=0x00000003, SubFormat=00000003-0000-0010-8000-00AA00389B71.
[LOG] OutputWASAPI::init                       : Output buffer size: 4096 samples, latency: 0.00ms, period: 10.00ms, DSP buffer: 1024 * 4
[LOG] Thread::initThread                       : Init FMOD stream thread. Affinity: 0x4000000000000003, Priority: 0xFFFF7FFB, Stack Size: 98304, Semaphore: No, Sleep Time: 10, Looping: Yes.
[LOG] Thread::initThread                       : Init FMOD mixer thread. Affinity: 0x4000000000000001, Priority: 0xFFFF7FFA, Stack Size: 81920, Semaphore: No, Sleep Time: 0, Looping: Yes.
[LOG] AsyncManager::init                       : manager 000001624C01B0E8 isAsync 0 updatePeriod 0.02
[LOG] AsyncManager::init                       : done
[LOG] PlaybackSystem::init                     : 
[LOG] Thread::initThread                       : Init FMOD Studio sample load thread. Affinity: 0x4000000000000003, Priority: 0xFFFF7FFD, Stack Size: 98304, Semaphore: No, Sleep Time: 1, Looping: No.
[LOG] PlaybackSystem::init                     : done
[LOG] Thread::initThread                       : Init FMOD Studio bank load thread. Affinity: 0x4000000000000003, Priority: 0xFFFF7FFD, Stack Size: 98304, Semaphore: No, Sleep Time: 1, Looping: No.
[LOG] Manager::init                            : done.
[LOG] Thread::callback                         : FMOD Studio bank load thread finished.
[LOG] Thread::callback                         : FMOD Studio sample load thread finished.
[LOG] LiveUpdate::release                      : 
[LOG] LiveUpdate::reset                        : Reset connection (reason Disconnected)
[LOG] Thread::callback                         : FMOD stream thread finished.
[LOG] Thread::callback                         : FMOD mixer thread finished.
[LOG] SystemI::close                           : Closed.
[LOG] SoundI::release                          :  (00000162C8AEA0A8)
[LOG] SoundI::release                          :     enemy_c1_machine_gun-001 (00000162B3384238)
[LOG] SoundI::release                          :  (00000162C8AE9DC8)
[LOG] SoundI::release                          :     enemy_c1_machine_gun-002 (00000162B3384BF8)
[LOG] SoundI::release                          :  (00000162C8AEA218)
[LOG] SoundI::release                          :     enemy_c1_machine_gun-003 (00000162B3384D98)
[LOG] SoundI::release                          : amb_c1_sea (0000015F2F601238)
[LOG] SoundI::release                          :     amb_c1_sea (00000162F61B07C8)
[LOG] SoundI::release                          :     amb_c1_sea (000001613EA4BF78)
[LOG] SoundI::release                          :  (00000162C8AE9AE8)
[LOG] SoundI::release                          :     enemy_c1_machine_gun-004 (000001635C3AC7C8)
[LOG] SoundI::release                          :  (0000015F3519D9F8)
[LOG] SoundI::release                          :     soldier_c1_machine_gun-001 (000001613F6285A8)
[LOG] SoundI::release                          :  (0000015F3519EB38)
[LOG] SoundI::release                          :     soldier_c1_machine_gun-002 (000001613F62C368)
[LOG] SoundI::release                          :  (0000015F3519A918)
[LOG] SoundI::release                          :     soldier_c1_machine_gun-003 (000001613F62D6E8)
[LOG] SoundI::release                          :  (0000015F3519E9C8)
[LOG] SoundI::release                          :     soldier_c1_machine_gun-004 (000001613F6278A8)
[LOG] SoundI::release                          :  (0000015F3519A7A8)
[LOG] SoundI::release                          :     soldier_c1_machine_gun-005 (000001613F629448)
[LOG] SoundI::release                          :  (0000015F3519C748)
[LOG] SoundI::release                          :     soldier_c1_machine_gun-006 (000001613F62D548)
[LOG] Thread::callback                         : FMOD Studio update thread finished.
[LOG] Thread::callback                         : FMOD Studio bank load thread finished.
[LOG] Profile::disconnectAll                   : Profiler disconnecting all clients
[LOG] Thread::callback                         : FMOD Studio sample load thread finished.
[LOG] LiveUpdate::release                      : 
[LOG] LiveUpdate::reset                        : Reset connection (reason Disconnected)
[LOG] Thread::callback                         : FMOD stream thread finished.
[LOG] Thread::callback                         : FMOD mixer thread finished.
[LOG] Profile::disconnectAll                   : Profiler disconnecting all clients
[LOG] SystemI::close                           : Closed.
[LOG] Thread::callback                         : FMOD nonblocking thread (0) finished.
[LOG] Thread::callback                         : FMOD file thread finished.
